<?xml version="1.0" encoding="UTF-8"?>
<con:soapui-project id="8eed62a0-029a-4e70-8bfa-97b6cc6c5706" activeEnvironment="Default" name="Project 2" resourceRoot="" soapui-version="5.6.0" abortOnError="false" runType="SEQUENTIAL" xmlns:con="http://eviware.com/soapui/config"><con:settings/><con:testSuite id="8000b834-0d8d-4511-9580-5f30095e5820" name="TestSuite 1"><con:settings/><con:runType>SEQUENTIAL</con:runType><con:testCase id="1add399d-7ce5-45e5-b8d1-7685c88d6496" failOnError="true" failTestCaseOnErrors="true" keepSession="false" maxResults="0" name="TestCase 1" searchProperties="true"><con:settings/><con:testStep type="jdbc-props-step" name="JDBC Properties TestStep" id="5cd26403-272c-4d64-a880-89713ad19712"><con:settings/></con:testStep><con:properties/></con:testCase><con:properties/></con:testSuite><con:properties/><con:wssContainer/><con:oAuth2ProfileContainer/><con:oAuth1ProfileContainer/><con:sensitiveInformation/></con:soapui-project>